<?xml version="1.0" encoding="UTF-8"?>
<testng-results ignored="0" total="1" passed="1" failed="0" skipped="0">
  <reporter-output>
  </reporter-output>
  <suite started-at="2020-10-29T00:12:31 EDT" name="NCL Coding Challenge Test suite" finished-at="2020-10-29T00:12:58 EDT" duration-ms="27032">
    <groups>
    </groups>
    <test started-at="2020-10-29T00:12:31 EDT" name="ncl.com testing on IE" finished-at="2020-10-29T00:12:58 EDT" duration-ms="27032">
      <class name="testCases.HomePageTest">
        <test-method is-config="true" signature="setUp(java.lang.String)[pri:0, instance:testCases.HomePageTest@13b6aecc]" started-at="2020-10-29T00:12:31 EDT" name="setUp" finished-at="2020-10-29T00:12:41 EDT" duration-ms="10012" status="PASS">
          <params>
            <param index="0">
              <value>
                <![CDATA[IE]]>
              </value>
            </param>
          </params>
          <reporter-output>
          </reporter-output>
        </test-method> <!-- setUp -->
        <test-method signature="VerifyWeAreInCruiseDetail()[pri:0, instance:testCases.HomePageTest@13b6aecc]" started-at="2020-10-29T00:12:41 EDT" name="VerifyWeAreInCruiseDetail" finished-at="2020-10-29T00:12:57 EDT" duration-ms="16754" status="PASS">
          <reporter-output>
          </reporter-output>
        </test-method> <!-- VerifyWeAreInCruiseDetail -->
        <test-method is-config="true" signature="tearDown()[pri:0, instance:testCases.HomePageTest@13b6aecc]" started-at="2020-10-29T00:12:57 EDT" name="tearDown" finished-at="2020-10-29T00:12:58 EDT" duration-ms="247" status="PASS">
          <reporter-output>
          </reporter-output>
        </test-method> <!-- tearDown -->
      </class> <!-- testCases.HomePageTest -->
    </test> <!-- ncl.com testing on IE -->
  </suite> <!-- NCL Coding Challenge Test suite -->
</testng-results>
