-------------------------------------------------------------------------------
Test set: TestSuite
-------------------------------------------------------------------------------
Tests run: 1, Failures: 1, Errors: 0, Skipped: 0, Time elapsed: 30.744 s <<< FAILURE! - in TestSuite
testCases.HomePageTest.VerifyWeAreInCruiseDetail  Time elapsed: 17.477 s  <<< FAILURE!
java.lang.AssertionError: did not expect to find [true] but found [false]
	at testCases.HomePageTest.VerifyWeAreInCruiseDetail(HomePageTest.java:30)

